INFO - Book(bookId=0, bookName=India That Is Bharat, author=Author(authorId=0, authorName=J Sai Deepak, books=null, rating=0), description=null, quantity=0, price=400.0, rating=0)
INFO - 0
INFO - INDIA THAT IS BHARAT
INFO - Book(bookId=0, bookName=India That Is Bharat, author=Author(authorId=0, authorName=J Sai Deepak, books=null, rating=0), description=null, quantity=0, price=400.0, rating=0)
INFO - 0
INFO - INDIA THAT IS BHARAT
INFO - J Sai Deepak
INFO - null
INFO - Book(bookId=0, bookName=India That Is Bharat, author=Author(authorId=0, authorName=J Sai Deepak, books=null, rating=0), description=null, quantity=0, price=400.0, rating=0)
INFO - 0
INFO - INDIA THAT IS BHARAT
INFO - J Sai Deepak
INFO - Author(authorId=0, authorName=J Sai Deepak, books=null, rating=0)
INFO - 0
INFO - J Sai Deepak
INFO - Author(authorId=0, authorName=J SAI DEEPAK, books=null, rating=0)
INFO - 0
INFO - J SAI DEEPAK
INFO - Book(bookId=0, bookName=India That Is Bharat, author=Author(authorId=0, authorName=J Sai Deepak, books=null, rating=0), description=null, quantity=0, price=400.0, rating=0)
INFO - 0
INFO - INDIA THAT IS BHARAT
INFO - J Sai Deepak
INFO - Author(authorId=0, authorName=J Sai Deepak, books=null, rating=0)
INFO - 0
INFO - J Sai Deepak
INFO - Book(bookId=0, bookName=India That Is Bharat, author=Author(authorId=0, authorName=J Sai Deepak, books=null, rating=0), description=null, quantity=0, price=400.0, rating=0)
INFO - 0
INFO - INDIA THAT IS BHARAT
INFO - J Sai Deepak
INFO - Book(bookId=0, bookName=India That Is Bharat, author=Author(authorId=0, authorName=J Sai Deepak, books=null, rating=0), description=null, quantity=0, price=400.0, rating=0)
INFO - 0
INFO - INDIA THAT IS BHARAT
INFO - Book(bookId=0, bookName=India That Is Bharat, author=Author(authorId=0, authorName=J Sai Deepak, books=null, rating=0), description=null, quantity=0, price=400.0, rating=0)
INFO - 0
INFO - INDIA THAT IS BHARAT
INFO - Book(bookId=0, bookName=India That Is Bharat, author=Author(authorId=0, authorName=J Sai Deepak, books=null, rating=0), description=null, quantity=0, price=400.0, rating=0)
INFO - 0
INFO - INDIA THAT IS BHARAT
INFO - Book(bookId=0, bookName=India That Is Bharat, author=Author(authorId=0, authorName=J Sai Deepak, books=null, rating=0), description=null, quantity=0, price=400.0, rating=0)
INFO - 0
INFO - INDIA THAT IS BHARAT
INFO - Book(bookId=0, bookName=India That Is Bharat, author=Author(authorId=0, authorName=J Sai Deepak, books=null, rating=0), description=null, quantity=0, price=400.0, rating=0)
INFO - 0
INFO - INDIA THAT IS BHARAT
INFO - J Sai Deepak
INFO - Author(authorId=0, authorName=J Sai Deepak, books=null, rating=0)
INFO - 0
INFO - J Sai Deepak
INFO - Book(bookId=0, bookName=India That Is Bharat, author=Author(authorId=0, authorName=J Sai Deepak, books=null, rating=0), description=null, quantity=0, price=400.0, rating=0)
INFO - 0
INFO - INDIA THAT IS BHARAT
INFO - J Sai Deepak
INFO - Book(bookId=0, bookName=India That Is Bharat, author=Author(authorId=0, authorName=J Sai Deepak, books=null, rating=0), description=null, quantity=0, price=400.0, rating=0)
INFO - 0
INFO - INDIA THAT IS BHARAT
INFO - Author(authorId=0, authorName=J SAI DEEPAK, books=null, rating=0)
INFO - 0
INFO - J SAI DEEPAK
INFO - Book(bookId=0, bookName=India That Is Bharat, author=Author(authorId=0, authorName=J Sai Deepak, books=null, rating=0), description=null, quantity=0, price=400.0, rating=0)
INFO - 0
INFO - INDIA THAT IS BHARAT
INFO - Book(bookId=0, bookName=India That Is Bharat, author=Author(authorId=0, authorName=J Sai Deepak, books=null, rating=0), description=null, quantity=0, price=400.0, rating=0)
INFO - 0
INFO - INDIA THAT IS BHARAT
INFO - J Sai Deepak
INFO - Author(authorId=0, authorName=J Sai Deepak, books=null, rating=0)
INFO - 0
INFO - J Sai Deepak
INFO - Author(authorId=0, authorName=J SAI DEEPAK, books=null, rating=0)
INFO - 0
INFO - J SAI DEEPAK
INFO - Book(bookId=0, bookName=India That Is Bharat, author=Author(authorId=0, authorName=J Sai Deepak, books=null, rating=0), description=null, quantity=0, price=400.0, rating=0)
INFO - 0
INFO - INDIA THAT IS BHARAT
INFO - J Sai Deepak
INFO - Book(bookId=0, bookName=India That Is Bharat, author=Author(authorId=0, authorName=J Sai Deepak, books=null, rating=0), description=null, quantity=0, price=400.0, rating=0)
INFO - 0
INFO - INDIA THAT IS BHARAT
INFO - J Sai Deepak
INFO - Author(authorId=0, authorName=J Sai Deepak, books=null, rating=0)
INFO - 0
INFO - J Sai Deepak
INFO - Book(bookId=0, bookName=India That Is Bharat, author=Author(authorId=0, authorName=J Sai Deepak, books=null, rating=0), description=null, quantity=0, price=400.0, rating=0)
INFO - 0
INFO - INDIA THAT IS BHARAT
INFO - J Sai Deepak
INFO - Book(bookId=0, bookName=INDIA THAT IS BHARAT, author=Author(authorId=0, authorName=J Sai Deepak, books=null, rating=0), description=null, quantity=0, price=400.0, rating=0)
INFO - 0
INFO - INDIA THAT IS BHARAT
INFO - J Sai Deepak
INFO - Author(authorId=0, authorName=J Sai Deepak, books=null, rating=0)
INFO - 0
INFO - J Sai Deepak
INFO - Book(bookId=0, bookName=INDIA THAT IS BHARAT, author=Author(authorId=0, authorName=J Sai Deepak, books=null, rating=0), description=null, quantity=0, price=400.0, rating=0)
INFO - 0
INFO - INDIA THAT IS BHARAT
INFO - Book(bookId=0, bookName=INDIA THAT IS BHARAT, author=Author(authorId=0, authorName=J Sai Deepak, books=null, rating=0), description=null, quantity=0, price=400.0, rating=0)
INFO - 0
INFO - INDIA THAT IS BHARAT
INFO - J Sai Deepak
INFO - Author(authorId=0, authorName=J Sai Deepak, books=null, rating=0)
INFO - 0
INFO - J Sai Deepak
INFO - Book(bookId=0, bookName=INDIA THAT IS BHARAT, author=Author(authorId=0, authorName=J Sai Deepak, books=null, rating=0), description=Journey of India's colonial mindset, quantity=100, price=400.0, rating=0)
INFO - 0
INFO - INDIA THAT IS BHARAT
INFO - J Sai Deepak
INFO - Author(authorId=0, authorName=J Sai Deepak, books=null, rating=0)
INFO - 0
INFO - J Sai Deepak
INFO - Book(bookId=0, bookName=INDIA BHARAT PAKISTAN, author=Author(authorId=0, authorName=J Sai Deepak, books=null, rating=0), description=Journey of Sandwitched Nation, quantity=200, price=500.0, rating=0)
INFO - 0
INFO - INDIA BHARAT PAKISTAN
INFO - J Sai Deepak
INFO - J sai deepak
INFO - J Sai Deepak
INFO - J Sai Deepak
INFO - 80 100.0
INFO - 80
INFO - 86 300.0
INFO - 86
INFO - 86
INFO - 86 300
INFO - 86
INFO - Book(bookId=0, bookName=INDIA BHARAT PAKISTAN, author=Author(authorId=0, authorName=J Sai Deepak, books=null, rating=0), description=Journey of Sandwitched Nation, quantity=200, copiesSold=0, price=500.0, rating=0)
INFO - 0
INFO - Shyamchi Aai
INFO - Book(bookId=0, bookName=INDIA BHARAT PAKISTAN, author=Author(authorId=0, authorName=J Sai Deepak, books=null, rating=0), description=Journey of Sandwitched Nation, quantity=200, copiesSold=0, price=500.0, rating=0)
INFO - 0
INFO - INDIA BHARAT PAKISTAN
INFO - J Sai Deepak
INFO - Author(authorId=0, authorName=J Sai Deepak, books=null, rating=0)
INFO - 0
INFO - J Sai Deepak
INFO - Book(bookId=0, bookName=INDIA BHARAT PAKISTAN, author=Author(authorId=0, authorName=J Sai Deepak, books=null, rating=0), description=Journey of Sandwitched Nation, quantity=200, copiesSold=0, price=500.0, rating=0)
INFO - 0
INFO - INDIA BHARAT PAKISTAN
INFO - Book(bookId=0, bookName=INDIA BHARAT PAKISTAN, author=Author(authorId=0, authorName=J Sai Deepak, books=null, rating=0), description=Journey of Sandwitched Nation, quantity=200, copiesSold=0, price=500.0, rating=0)
INFO - 0
INFO - INDIA BHARAT PAKISTAN
INFO - J Sai Deepak
INFO - Book(bookId=0, bookName=INDIA BHARAT PAKISTAN, author=Author(authorId=0, authorName=J Sai Deepak, books=null, rating=0), description=Journey of Sandwitched Nation, quantity=200, copiesSold=0, price=500.0, rating=0)
INFO - 0
INFO - INDIA BHARAT PAKISTAN
INFO - Book(bookId=0, bookName=INDIA BHARAT PAKISTAN, author=Author(authorId=0, authorName=J Sai Deepak, books=null, rating=0), description=Journey of Sandwitched Nation, quantity=200, copiesSold=0, price=500.0, rating=0)
INFO - 0
INFO - INDIA BHARAT PAKISTAN
INFO - J Sai Deepak
INFO - Author(authorId=0, authorName=J Sai Deepak, books=null, rating=0)
INFO - 0
INFO - J Sai Deepak
INFO - Author(authorId=0, authorName=J SAI DEEPAK, books=null, rating=0)
INFO - 0
INFO - J SAI DEEPAK
INFO - Author(authorId=0, authorName=J SAI DEEPAK, books=null, rating=0)
INFO - 0
INFO - J SAI DEEPAK
INFO - Book(bookId=0, bookName=INDIA BHARAT PAKISTAN, author=Author(authorId=0, authorName=J Sai Deepak, books=null, rating=0), description=Journey of Sandwitched Nation, quantity=200, copiesSold=0, price=500.0, rating=0)
INFO - 0
INFO - INDIA BHARAT PAKISTAN
INFO - J Sai Deepak
INFO - 5
INFO - 86
INFO - Shyamchi Aai
INFO - J Sai Deepak
INFO - 86
INFO - Shyamchi Aai
INFO - J Sai Deepak
INFO - Book(bookId=0, bookName=INDIA BHARAT PAKISTAN, author=Author(authorId=0, authorName=J Sai Deepak, books=null, rating=0), description=Journey of Sandwitched Nation, quantity=200, copiesSold=0, price=500.0, rating=0)
INFO - 0
INFO - INDIA BHARAT PAKISTAN
INFO - J Sai Deepak
INFO - Author(authorId=0, authorName=J Sai Deepak, books=null, rating=0)
INFO - 0
INFO - J Sai Deepak
INFO - Book(bookId=0, bookName=INDIA BHARAT PAKISTAN, author=Author(authorId=0, authorName=J Sai Deepak, books=null, rating=0), description=Journey of Sandwitched Nation, quantity=200, copiesSold=0, price=500.0, rating=0)
INFO - 0
INFO - INDIA BHARAT PAKISTAN
INFO - Book(bookId=0, bookName=INDIA BHARAT PAKISTAN, author=Author(authorId=0, authorName=J Sai Deepak, books=null, rating=0), description=Journey of Sandwitched Nation, quantity=200, copiesSold=0, price=500.0, rating=0)
INFO - 0
INFO - INDIA BHARAT PAKISTAN
INFO - 1
INFO - null
INFO - 8
INFO - 8
INFO - 8
INFO - 8
INFO - 8
INFO - J sai deepak
INFO - Author(authorId=0, authorName=J SAI DEEPAK, books=null, rating=0)
INFO - 0
INFO - J SAI DEEPAK
INFO - 7
INFO - Book(bookId=0, bookName=INDIA BHARAT PAKISTAN, author=Author(authorId=0, authorName=J Sai Deepak, books=null, rating=0), description=Journey of Sandwitched Nation, quantity=200, copiesSold=0, price=500.0, rating=0)
INFO - 0
INFO - INDIA BHARAT PAKISTAN
INFO - J Sai Deepak
INFO - Author(authorId=0, authorName=J Sai Deepak, books=null, rating=0)
INFO - 0
INFO - J Sai Deepak
INFO - 8
INFO - 10
INFO - Inida bHARAT PAkISTAN
INFO - India bHARAT PAkISTAN
INFO - J Sai Deepak
INFO - Book(bookId=0, bookName=INDIA BHARAT PAKISTAN, author=Author(authorId=0, authorName=J Sai Deepak, books=null, rating=0), description=Journey of Sandwitched Nation, quantity=200, copiesSold=0, price=500.0, rating=0)
INFO - 0
INFO - INDIA BHARAT PAKISTAN
INFO - 10 300.0
INFO - 10
INFO - 10 300
INFO - 10
INFO - J sai deepak
INFO - Author(authorId=0, authorName=J SAI DEEPAK, books=null, rating=0)
INFO - 0
INFO - J SAI DEEPAK
INFO - Book(bookId=0, bookName=INDIA BHARAT PAKISTAN, author=Author(authorId=0, authorName=J Sai Deepak, books=null, rating=0), description=Journey of Sandwitched Nation, quantity=200, copiesSold=0, price=500.0, rating=0)
INFO - 0
INFO - INDIA BHARAT PAKISTAN
INFO - J Sai Deepak
INFO - Author(authorId=0, authorName=J Sai Deepak, books=null, rating=0)
INFO - 0
INFO - J Sai Deepak
INFO - 8
INFO - null
INFO - 12
INFO - 12
INFO - 1
INFO - null
INFO - 12
INFO - 12
INFO - 12
INFO - 12
INFO - Book(bookId=0, bookName=INDIA BHARAT PAKISTAN, author=Author(authorId=0, authorName=J Sai Deepak, books=null, rating=0), description=Journey of Sandwitched Nation, quantity=200, copiesSold=0, price=500.0, rating=0)
INFO - 0
INFO - INDIA BHARAT PAKISTAN
INFO - J Sai Deepak
INFO - 13
INFO - Book(bookId=0, bookName=INDIA BHARAT PAKISTAN, author=Author(authorId=0, authorName=J Sai Deepak, books=null, rating=0), description=Journey of Sandwitched Nation, quantity=200, copiesSold=0, price=500.0, rating=0)
INFO - 0
INFO - INDIA BHARAT PAKISTAN
INFO - J Sai Deepak
INFO - 14
INFO - 14
INFO - Book(bookId=0, bookName=INDIA BHARAT PAKISTAN, author=Author(authorId=0, authorName=J Sai Deepak, books=null, rating=0), description=Journey of Sandwitched Nation, quantity=200, copiesSold=0, price=500.0, rating=0)
INFO - 0
INFO - INDIA BHARAT PAKISTAN
INFO - J Sai Deepak
INFO - 15
INFO - Book(bookId=0, bookName=INDIA BHARAT PAKISTAN, author=Author(authorId=0, authorName=J Sai Deepak, books=null, rating=0), description=Journey of Sandwitched Nation, quantity=200, copiesSold=0, price=500.0, rating=0)
INFO - 0
INFO - INDIA BHARAT PAKISTAN
INFO - 15
INFO - INDIA BHARAT PAKISTAN
INFO - Book(bookId=0, bookName=INDIA BHARAT PAKISTAN, author=Author(authorId=0, authorName=J Sai Deepak, books=null, rating=0), description=Journey of Sandwitched Nation, quantity=200, copiesSold=0, price=500.0, rating=0)
INFO - 0
INFO - INDIA BHARAT PAKISTAN
INFO - J Sai Deepak
INFO - 15
INFO - 15
INFO - 16
INFO - INDIA BHARAT PAKISTAN
INFO - J SAI DEEPAK
INFO - 11
INFO - Book(bookId=0, bookName=INDIA BHARAT PAKISTAN, author=Author(authorId=0, authorName=J Sai Deepak, books=null, rating=0), description=Journey of Sandwitched Nation, inStock=0, copiesSold=0, price=500.0, rating=0)
INFO - 0
INFO - INDIA BHARAT PAKISTAN
INFO - J Sai Deepak
INFO - Author(authorId=0, authorName=J Sai Deepak, books=null, rating=0)
INFO - 0
INFO - J Sai Deepak
INFO - Book(bookId=0, bookName=INDIA BHARAT PAKISTAN, author=Author(authorId=0, authorName=J Sai Deepak, books=null, rating=0), description=Journey of Sandwitched Nation, inStock=0, copiesSold=0, price=500.0, rating=0)
INFO - 0
INFO - INDIA BHARAT PAKISTAN
INFO - J Sai Deepak
INFO - Author(authorId=0, authorName=J Sai Deepak, books=null, rating=0)
INFO - 0
INFO - J Sai Deepak
INFO - Book(bookId=0, bookName=INDIA BHARAT PAKISTAN, author=Author(authorId=0, authorName=J Sai Deepak, books=null, rating=0), description=Journey of Sandwitched Nation, inStock=0, copiesSold=200, price=500.0, rating=0)
INFO - 0
INFO - INDIA BHARAT PAKISTAN
INFO - J Sai Deepak
INFO - Book(bookId=0, bookName=INDIA BHARAT PAKISTAN, author=Author(authorId=0, authorName=J Sai Deepak, books=null, rating=0), description=Journey of Sandwitched Nation, inStock=0, copiesSold=200, price=500.0, rating=0)
INFO - 0
INFO - INDIA BHARAT PAKISTAN
INFO - J Sai Deepak
INFO - Book(bookId=0, bookName=INDIA BHARAT PAKISTAN, author=Author(authorId=0, authorName=J Sai Deepak, books=null, rating=0), description=Journey of Sandwitched Nation, inStock=200, copiesSold=0, price=500.0, rating=0)
INFO - 0
INFO - INDIA BHARAT PAKISTAN
INFO - J Sai Deepak
INFO - Book(bookId=0, bookName=INDIA BHARAT PAKISTAN, author=Author(authorId=0, authorName=J Sai Deepak, books=null, rating=0), description=Journey of Sandwitched Nation, inStock=200, copiesSold=0, price=500.0, rating=0)
INFO - 0
INFO - INDIA BHARAT PAKISTAN
INFO - J Sai Deepak
